
 /----------------------------------------------------------------------------\
 |                                                                            |
 |  yosys -- Yosys Open SYnthesis Suite                                       |
 |                                                                            |
 |  Copyright (C) 2012 - 2020  Claire Wolf <claire@symbioticeda.com>          |
 |                                                                            |
 |  Permission to use, copy, modify, and/or distribute this software for any  |
 |  purpose with or without fee is hereby granted, provided that the above    |
 |  copyright notice and this permission notice appear in all copies.         |
 |                                                                            |
 |  THE SOFTWARE IS PROVIDED "AS IS" AND THE AUTHOR DISCLAIMS ALL WARRANTIES  |
 |  WITH REGARD TO THIS SOFTWARE INCLUDING ALL IMPLIED WARRANTIES OF          |
 |  MERCHANTABILITY AND FITNESS. IN NO EVENT SHALL THE AUTHOR BE LIABLE FOR   |
 |  ANY SPECIAL, DIRECT, INDIRECT, OR CONSEQUENTIAL DAMAGES OR ANY DAMAGES    |
 |  WHATSOEVER RESULTING FROM LOSS OF USE, DATA OR PROFITS, WHETHER IN AN     |
 |  ACTION OF CONTRACT, NEGLIGENCE OR OTHER TORTIOUS ACTION, ARISING OUT OF   |
 |  OR IN CONNECTION WITH THE USE OR PERFORMANCE OF THIS SOFTWARE.            |
 |                                                                            |
 \----------------------------------------------------------------------------/

 Yosys 0.9+2406 (git sha1 534be66, gcc 7.5.0-3ubuntu1~18.04 -fPIC -Os)


-- Executing script file `tmp/b3d59c5e6eed4a94b712e49f56d96da1.ys' --

1. Executing Verilog-2005 frontend: tmp/b3d59c5e6eed4a94b712e49f56d96da1.v
Parsing SystemVerilog input from `tmp/b3d59c5e6eed4a94b712e49f56d96da1.v' to AST representation.
Storing AST representation for module `$abstract\multi_CX'.
Successfully finished Verilog frontend.

2. Executing SYNTH pass.

2.1. Executing HIERARCHY pass (managing design hierarchy).

2.2. Executing AST frontend in derive mode using pre-parsed AST for module `\multi_CX'.
Generating RTLIL representation for module `\multi_CX'.

2.2.1. Analyzing design hierarchy..
Top module:  \multi_CX

2.2.2. Analyzing design hierarchy..
Top module:  \multi_CX
Removing unused module `$abstract\multi_CX'.
Removed 1 unused modules.

2.3. Executing PROC pass (convert processes to netlists).

2.3.1. Executing PROC_CLEAN pass (remove empty switches from decision trees).
Cleaned up 0 empty switches.

2.3.2. Executing PROC_RMDEAD pass (remove dead branches from decision trees).
Marked 2 switch rules as full_case in process $proc$tmp/b3d59c5e6eed4a94b712e49f56d96da1.v:29$1 in module multi_CX.
Removed a total of 0 dead cases.

2.3.3. Executing PROC_PRUNE pass (remove redundant assignments in processes).
Removed 0 redundant assignments.
Promoted 2 assignments to connections.

2.3.4. Executing PROC_INIT pass (extract init attributes).
Found init rule in `\multi_CX.$proc$tmp/b3d59c5e6eed4a94b712e49f56d96da1.v:21$9'.
  Set init value: \state = 2'00
Found init rule in `\multi_CX.$proc$tmp/b3d59c5e6eed4a94b712e49f56d96da1.v:19$8'.
  Set init value: \count = 3'000

2.3.5. Executing PROC_ARST pass (detect async resets in processes).

2.3.6. Executing PROC_MUX pass (convert decision trees to multiplexers).
Creating decoders for process `\multi_CX.$proc$tmp/b3d59c5e6eed4a94b712e49f56d96da1.v:21$9'.
Creating decoders for process `\multi_CX.$proc$tmp/b3d59c5e6eed4a94b712e49f56d96da1.v:19$8'.
Creating decoders for process `\multi_CX.$proc$tmp/b3d59c5e6eed4a94b712e49f56d96da1.v:29$1'.
     1/6: $0\y_reg[7:0]
     2/6: $0\state[1:0]
     3/6: $0\count[2:0]
     4/6: $0\result[15:0]
     5/6: $0\T[15:0]
     6/6: $0\P[15:0]

2.3.7. Executing PROC_DLATCH pass (convert process syncs to latches).

2.3.8. Executing PROC_DFF pass (convert process syncs to FFs).
Creating register for signal `\multi_CX.\P' using process `\multi_CX.$proc$tmp/b3d59c5e6eed4a94b712e49f56d96da1.v:29$1'.
  created $dff cell `$procdff$50' with positive edge clock.
Creating register for signal `\multi_CX.\T' using process `\multi_CX.$proc$tmp/b3d59c5e6eed4a94b712e49f56d96da1.v:29$1'.
  created $dff cell `$procdff$51' with positive edge clock.
Creating register for signal `\multi_CX.\result' using process `\multi_CX.$proc$tmp/b3d59c5e6eed4a94b712e49f56d96da1.v:29$1'.
  created $dff cell `$procdff$52' with positive edge clock.
Creating register for signal `\multi_CX.\count' using process `\multi_CX.$proc$tmp/b3d59c5e6eed4a94b712e49f56d96da1.v:29$1'.
  created $dff cell `$procdff$53' with positive edge clock.
Creating register for signal `\multi_CX.\state' using process `\multi_CX.$proc$tmp/b3d59c5e6eed4a94b712e49f56d96da1.v:29$1'.
  created $dff cell `$procdff$54' with positive edge clock.
Creating register for signal `\multi_CX.\y_reg' using process `\multi_CX.$proc$tmp/b3d59c5e6eed4a94b712e49f56d96da1.v:29$1'.
  created $dff cell `$procdff$55' with positive edge clock.

2.3.9. Executing PROC_CLEAN pass (remove empty switches from decision trees).
Removing empty process `multi_CX.$proc$tmp/b3d59c5e6eed4a94b712e49f56d96da1.v:21$9'.
Removing empty process `multi_CX.$proc$tmp/b3d59c5e6eed4a94b712e49f56d96da1.v:19$8'.
Found and cleaned up 3 empty switches in `\multi_CX.$proc$tmp/b3d59c5e6eed4a94b712e49f56d96da1.v:29$1'.
Removing empty process `multi_CX.$proc$tmp/b3d59c5e6eed4a94b712e49f56d96da1.v:29$1'.
Cleaned up 3 empty switches.

2.4. Executing OPT_EXPR pass (perform const folding).
Optimizing module multi_CX.
<suppressed ~8 debug messages>

2.5. Executing OPT_CLEAN pass (remove unused cells and wires).
Finding unused cells or wires in module \multi_CX..
Removed 0 unused cells and 17 unused wires.
<suppressed ~1 debug messages>

2.6. Executing CHECK pass (checking for obvious problems).
checking module multi_CX..
found and reported 0 problems.

2.7. Executing OPT pass (performing simple optimizations).

2.7.1. Executing OPT_EXPR pass (perform const folding).
Optimizing module multi_CX.

2.7.2. Executing OPT_MERGE pass (detect identical cells).
Finding identical cells in module `\multi_CX'.
<suppressed ~27 debug messages>
Removed a total of 9 cells.

2.7.3. Executing OPT_MUXTREE pass (detect dead branches in mux trees).
Running muxtree optimizer on module \multi_CX..
  Creating internal representation of mux trees.
  Evaluating internal representation of mux trees.
  Analyzing evaluation results.
Removed 0 multiplexer ports.
<suppressed ~6 debug messages>

2.7.4. Executing OPT_REDUCE pass (consolidate $*mux and $reduce_* inputs).
  Optimizing cells in module \multi_CX.
Performed a total of 0 changes.

2.7.5. Executing OPT_MERGE pass (detect identical cells).
Finding identical cells in module `\multi_CX'.
Removed a total of 0 cells.

2.7.6. Executing OPT_RMDFF pass (remove dff with constant values).

2.7.7. Executing OPT_CLEAN pass (remove unused cells and wires).
Finding unused cells or wires in module \multi_CX..
Removed 0 unused cells and 9 unused wires.
<suppressed ~1 debug messages>

2.7.8. Executing OPT_EXPR pass (perform const folding).
Optimizing module multi_CX.

2.7.9. Rerunning OPT passes. (Maybe there is more to do..)

2.7.10. Executing OPT_MUXTREE pass (detect dead branches in mux trees).
Running muxtree optimizer on module \multi_CX..
  Creating internal representation of mux trees.
  Evaluating internal representation of mux trees.
  Analyzing evaluation results.
Removed 0 multiplexer ports.
<suppressed ~6 debug messages>

2.7.11. Executing OPT_REDUCE pass (consolidate $*mux and $reduce_* inputs).
  Optimizing cells in module \multi_CX.
Performed a total of 0 changes.

2.7.12. Executing OPT_MERGE pass (detect identical cells).
Finding identical cells in module `\multi_CX'.
Removed a total of 0 cells.

2.7.13. Executing OPT_RMDFF pass (remove dff with constant values).

2.7.14. Executing OPT_CLEAN pass (remove unused cells and wires).
Finding unused cells or wires in module \multi_CX..

2.7.15. Executing OPT_EXPR pass (perform const folding).
Optimizing module multi_CX.

2.7.16. Finished OPT passes. (There is nothing left to do.)

2.8. Executing WREDUCE pass (reducing word size of cells).
Removed top 31 bits (of 32) from port B of cell multi_CX.$add$tmp/b3d59c5e6eed4a94b712e49f56d96da1.v:67$7 ($add).
Removed top 29 bits (of 32) from port Y of cell multi_CX.$add$tmp/b3d59c5e6eed4a94b712e49f56d96da1.v:67$7 ($add).
Removed top 1 bits (of 2) from port B of cell multi_CX.$procmux$15_CMP0 ($eq).
Removed top 29 bits (of 32) from wire multi_CX.$add$tmp/b3d59c5e6eed4a94b712e49f56d96da1.v:67$7_Y.

2.9. Executing PEEPOPT pass (run peephole optimizers).

2.10. Executing OPT_CLEAN pass (remove unused cells and wires).
Finding unused cells or wires in module \multi_CX..
Removed 0 unused cells and 1 unused wires.
<suppressed ~1 debug messages>

2.11. Executing ALUMACC pass (create $alu and $macc cells).
Extracting $alu and $macc cells in module multi_CX:
  creating $macc model for $add$tmp/b3d59c5e6eed4a94b712e49f56d96da1.v:57$4 ($add).
  creating $macc model for $add$tmp/b3d59c5e6eed4a94b712e49f56d96da1.v:67$7 ($add).
  creating $alu model for $macc $add$tmp/b3d59c5e6eed4a94b712e49f56d96da1.v:67$7.
  creating $alu model for $macc $add$tmp/b3d59c5e6eed4a94b712e49f56d96da1.v:57$4.
  creating $alu cell for $add$tmp/b3d59c5e6eed4a94b712e49f56d96da1.v:57$4: $auto$alumacc.cc:485:replace_alu$57
  creating $alu cell for $add$tmp/b3d59c5e6eed4a94b712e49f56d96da1.v:67$7: $auto$alumacc.cc:485:replace_alu$60
  created 2 $alu and 0 $macc cells.

2.12. Executing SHARE pass (SAT-based resource sharing).

2.13. Executing OPT pass (performing simple optimizations).

2.13.1. Executing OPT_EXPR pass (perform const folding).
Optimizing module multi_CX.

2.13.2. Executing OPT_MERGE pass (detect identical cells).
Finding identical cells in module `\multi_CX'.
Removed a total of 0 cells.

2.13.3. Executing OPT_MUXTREE pass (detect dead branches in mux trees).
Running muxtree optimizer on module \multi_CX..
  Creating internal representation of mux trees.
  Evaluating internal representation of mux trees.
  Analyzing evaluation results.
Removed 0 multiplexer ports.
<suppressed ~6 debug messages>

2.13.4. Executing OPT_REDUCE pass (consolidate $*mux and $reduce_* inputs).
  Optimizing cells in module \multi_CX.
Performed a total of 0 changes.

2.13.5. Executing OPT_MERGE pass (detect identical cells).
Finding identical cells in module `\multi_CX'.
Removed a total of 0 cells.

2.13.6. Executing OPT_RMDFF pass (remove dff with constant values).

2.13.7. Executing OPT_CLEAN pass (remove unused cells and wires).
Finding unused cells or wires in module \multi_CX..

2.13.8. Executing OPT_EXPR pass (perform const folding).
Optimizing module multi_CX.

2.13.9. Finished OPT passes. (There is nothing left to do.)

2.14. Executing FSM pass (extract and optimize FSM).

2.14.1. Executing FSM_DETECT pass (finding FSMs in design).
Not marking multi_CX.state as FSM state register:
    Register has an initialization value.

2.14.2. Executing FSM_EXTRACT pass (extracting FSM from design).

2.14.3. Executing FSM_OPT pass (simple optimizations of FSMs).

2.14.4. Executing OPT_CLEAN pass (remove unused cells and wires).
Finding unused cells or wires in module \multi_CX..

2.14.5. Executing FSM_OPT pass (simple optimizations of FSMs).

2.14.6. Executing FSM_RECODE pass (re-assigning FSM state encoding).

2.14.7. Executing FSM_INFO pass (dumping all available information on FSM cells).

2.14.8. Executing FSM_MAP pass (mapping FSMs to basic logic).

2.15. Executing OPT pass (performing simple optimizations).

2.15.1. Executing OPT_EXPR pass (perform const folding).
Optimizing module multi_CX.

2.15.2. Executing OPT_MERGE pass (detect identical cells).
Finding identical cells in module `\multi_CX'.
Removed a total of 0 cells.

2.15.3. Executing OPT_RMDFF pass (remove dff with constant values).

2.15.4. Executing OPT_CLEAN pass (remove unused cells and wires).
Finding unused cells or wires in module \multi_CX..

2.15.5. Finished fast OPT passes.

2.16. Executing MEMORY pass.

2.16.1. Executing OPT_MEM pass (optimize memories).
Performed a total of 0 transformations.

2.16.2. Executing MEMORY_DFF pass (merging $dff cells to $memrd and $memwr).

2.16.3. Executing OPT_CLEAN pass (remove unused cells and wires).
Finding unused cells or wires in module \multi_CX..

2.16.4. Executing MEMORY_SHARE pass (consolidating $memrd/$memwr cells).

2.16.5. Executing OPT_CLEAN pass (remove unused cells and wires).
Finding unused cells or wires in module \multi_CX..

2.16.6. Executing MEMORY_COLLECT pass (generating $mem cells).

2.17. Executing OPT_CLEAN pass (remove unused cells and wires).
Finding unused cells or wires in module \multi_CX..

2.18. Executing OPT pass (performing simple optimizations).

2.18.1. Executing OPT_EXPR pass (perform const folding).
Optimizing module multi_CX.

2.18.2. Executing OPT_MERGE pass (detect identical cells).
Finding identical cells in module `\multi_CX'.
Removed a total of 0 cells.

2.18.3. Executing OPT_RMDFF pass (remove dff with constant values).

2.18.4. Executing OPT_CLEAN pass (remove unused cells and wires).
Finding unused cells or wires in module \multi_CX..

2.18.5. Finished fast OPT passes.

2.19. Executing MEMORY_MAP pass (converting $mem cells to logic and flip-flops).

2.20. Executing OPT pass (performing simple optimizations).

2.20.1. Executing OPT_EXPR pass (perform const folding).
Optimizing module multi_CX.

2.20.2. Executing OPT_MERGE pass (detect identical cells).
Finding identical cells in module `\multi_CX'.
Removed a total of 0 cells.

2.20.3. Executing OPT_MUXTREE pass (detect dead branches in mux trees).
Running muxtree optimizer on module \multi_CX..
  Creating internal representation of mux trees.
  Evaluating internal representation of mux trees.
  Analyzing evaluation results.
Removed 0 multiplexer ports.
<suppressed ~6 debug messages>

2.20.4. Executing OPT_REDUCE pass (consolidate $*mux and $reduce_* inputs).
  Optimizing cells in module \multi_CX.
Performed a total of 0 changes.

2.20.5. Executing OPT_MERGE pass (detect identical cells).
Finding identical cells in module `\multi_CX'.
Removed a total of 0 cells.

2.20.6. Executing OPT_SHARE pass.

2.20.7. Executing OPT_RMDFF pass (remove dff with constant values).

2.20.8. Executing OPT_CLEAN pass (remove unused cells and wires).
Finding unused cells or wires in module \multi_CX..

2.20.9. Executing OPT_EXPR pass (perform const folding).
Optimizing module multi_CX.

2.20.10. Finished OPT passes. (There is nothing left to do.)

2.21. Executing TECHMAP pass (map to technology primitives).

2.21.1. Executing Verilog-2005 frontend: /usr/local/bin/../share/yosys/techmap.v
Parsing Verilog input from `/usr/local/bin/../share/yosys/techmap.v' to AST representation.
Generating RTLIL representation for module `\_90_simplemap_bool_ops'.
Generating RTLIL representation for module `\_90_simplemap_reduce_ops'.
Generating RTLIL representation for module `\_90_simplemap_logic_ops'.
Generating RTLIL representation for module `\_90_simplemap_compare_ops'.
Generating RTLIL representation for module `\_90_simplemap_various'.
Generating RTLIL representation for module `\_90_simplemap_registers'.
Generating RTLIL representation for module `\_90_shift_ops_shr_shl_sshl_sshr'.
Generating RTLIL representation for module `\_90_shift_shiftx'.
Generating RTLIL representation for module `\_90_fa'.
Generating RTLIL representation for module `\_90_lcu'.
Generating RTLIL representation for module `\_90_alu'.
Generating RTLIL representation for module `\_90_macc'.
Generating RTLIL representation for module `\_90_alumacc'.
Generating RTLIL representation for module `\$__div_mod_u'.
Generating RTLIL representation for module `\$__div_mod_trunc'.
Generating RTLIL representation for module `\_90_div'.
Generating RTLIL representation for module `\_90_mod'.
Generating RTLIL representation for module `\$__div_mod_floor'.
Generating RTLIL representation for module `\_90_divfloor'.
Generating RTLIL representation for module `\_90_modfloor'.
Generating RTLIL representation for module `\_90_pow'.
Generating RTLIL representation for module `\_90_pmux'.
Generating RTLIL representation for module `\_90_lut'.
Successfully finished Verilog frontend.

2.21.2. Continuing TECHMAP pass.
Using extmapper simplemap for cells of type $eq.
Using template $paramod\_90_alu\A_SIGNED=0\B_SIGNED=0\A_WIDTH=1\B_WIDTH=3\Y_WIDTH=3 for cells of type $alu.
Using extmapper simplemap for cells of type $mux.
Using template $paramod\_90_pmux\WIDTH=8\S_WIDTH=2 for cells of type $pmux.
Using extmapper simplemap for cells of type $logic_not.
Using template $paramod\_90_pmux\WIDTH=2\S_WIDTH=3 for cells of type $pmux.
Using template $paramod\_90_alu\A_SIGNED=0\B_SIGNED=0\A_WIDTH=16\B_WIDTH=16\Y_WIDTH=16 for cells of type $alu.
Using template $paramod\_90_pmux\WIDTH=3\S_WIDTH=2 for cells of type $pmux.
Using template $paramod\_90_pmux\WIDTH=16\S_WIDTH=2 for cells of type $pmux.
Using extmapper simplemap for cells of type $dff.
Using extmapper simplemap for cells of type $xor.
Using extmapper simplemap for cells of type $and.
Using template $paramod\_90_lcu\WIDTH=3 for cells of type $lcu.
Using extmapper simplemap for cells of type $pos.
Using extmapper simplemap for cells of type $not.
Using extmapper simplemap for cells of type $reduce_or.
Using template $paramod\_90_lcu\WIDTH=16 for cells of type $lcu.
Using extmapper simplemap for cells of type $or.
No more expansions possible.
<suppressed ~468 debug messages>

2.22. Executing OPT pass (performing simple optimizations).

2.22.1. Executing OPT_EXPR pass (perform const folding).
Optimizing module multi_CX.
<suppressed ~165 debug messages>

2.22.2. Executing OPT_MERGE pass (detect identical cells).
Finding identical cells in module `\multi_CX'.
<suppressed ~24 debug messages>
Removed a total of 8 cells.

2.22.3. Executing OPT_RMDFF pass (remove dff with constant values).

2.22.4. Executing OPT_CLEAN pass (remove unused cells and wires).
Finding unused cells or wires in module \multi_CX..
Removed 29 unused cells and 257 unused wires.
<suppressed ~30 debug messages>

2.22.5. Finished fast OPT passes.

2.23. Executing ABC pass (technology mapping using ABC).

2.23.1. Extracting gate netlist of module `\multi_CX' to `<abc-temp-dir>/input.blif'..
Extracted 316 gates and 394 wires to a netlist network with 77 inputs and 61 outputs.

2.23.1.1. Executing ABC.
Running ABC command: <yosys-exe-dir>/yosys-abc -s -f <abc-temp-dir>/abc.script 2>&1
ABC: ABC command line: "source <abc-temp-dir>/abc.script".
ABC: 
ABC: + read_blif <abc-temp-dir>/input.blif 
ABC: + read_library <abc-temp-dir>/stdcells.genlib 
ABC: Entered genlib library with 13 gates from file "<abc-temp-dir>/stdcells.genlib".
ABC: + strash 
ABC: + dretime 
ABC: + map 
ABC: + write_blif <abc-temp-dir>/output.blif 

2.23.1.2. Re-integrating ABC results.
ABC RESULTS:               AND cells:       41
ABC RESULTS:            ANDNOT cells:       62
ABC RESULTS:               MUX cells:      116
ABC RESULTS:              NAND cells:       12
ABC RESULTS:               NOR cells:        6
ABC RESULTS:               NOT cells:       28
ABC RESULTS:                OR cells:       27
ABC RESULTS:             ORNOT cells:        7
ABC RESULTS:              XNOR cells:        8
ABC RESULTS:               XOR cells:       25
ABC RESULTS:        internal signals:      256
ABC RESULTS:           input signals:       77
ABC RESULTS:          output signals:       61
Removing temp directory.

2.24. Executing OPT pass (performing simple optimizations).

2.24.1. Executing OPT_EXPR pass (perform const folding).
Optimizing module multi_CX.
<suppressed ~16 debug messages>

2.24.2. Executing OPT_MERGE pass (detect identical cells).
Finding identical cells in module `\multi_CX'.
Removed a total of 0 cells.

2.24.3. Executing OPT_RMDFF pass (remove dff with constant values).

2.24.4. Executing OPT_CLEAN pass (remove unused cells and wires).
Finding unused cells or wires in module \multi_CX..
Removed 0 unused cells and 210 unused wires.
<suppressed ~1 debug messages>

2.24.5. Finished fast OPT passes.

2.25. Executing HIERARCHY pass (managing design hierarchy).

2.25.1. Analyzing design hierarchy..
Top module:  \multi_CX

2.25.2. Analyzing design hierarchy..
Top module:  \multi_CX
Removed 0 unused modules.

2.26. Printing statistics.

=== multi_CX ===

   Number of wires:                286
   Number of wire bits:            410
   Number of public wires:           9
   Number of public wire bits:      78
   Number of memories:               0
   Number of memory bits:            0
   Number of processes:              0
   Number of cells:                393
     $_ANDNOT_                      62
     $_AND_                         41
     $_DFF_P_                       61
     $_MUX_                        116
     $_NAND_                        12
     $_NOR_                          6
     $_NOT_                         28
     $_ORNOT_                        7
     $_OR_                          27
     $_XNOR_                         8
     $_XOR_                         25

2.27. Executing CHECK pass (checking for obvious problems).
checking module multi_CX..
found and reported 0 problems.

3. Generating Graphviz representation of design.
